<?xml version="1.0" encoding="UTF-8"?>
<testsuite name="PingPongTest" tests="5" skipped="0" failures="0" errors="0" timestamp="2020-01-25T12:16:31" hostname="timothy-HP-Laptop-15-bs0xx" time="0.003">
  <properties/>
  <testcase name="runPingPong_countUpToGivenNumber_ArrayList" classname="PingPongTest" time="0.001"/>
  <testcase name="runPingPong_replaceMultiplesOf3_ArrayList" classname="PingPongTest" time="0.0"/>
  <testcase name="runPingPong_replaceMultiplesOf5_ArrayList" classname="PingPongTest" time="0.001"/>
  <testcase name="runPingPong_replaceMultiplesOfBoth3And5_ArrayList" classname="PingPongTest" time="0.0"/>
  <testcase name="runPingPong_countUpToOne_ArrayList" classname="PingPongTest" time="0.0"/>
  <system-out><![CDATA[]]></system-out>
  <system-err><![CDATA[]]></system-err>
</testsuite>
